<?xml version="1.0" encoding="UTF-8"?>
<!-- Generated by org.testng.reporters.JUnitXMLReporter -->
<testsuite hostname="MyHome" name="Test" tests="8" failures="0" timestamp="3 Apr 2019 19:43:02 GMT" time="160.939" errors="0">
  <testcase name="test" time="9.484" classname="tests.AuthorizationOldUser_1"/>
  <testcase name="test" time="9.588" classname="tests.AuthorizationNonexistentUser_2"/>
  <testcase name="test" time="8.142" classname="tests.AuthorizationUserWithInvalidEmail_3"/>
  <testcase name="test" time="7.965" classname="tests.CopyOfAuthorizationUserWithoutCredantials_4"/>
  <testcase name="test" time="11.027" classname="tests.Logout_5"/>
  <testcase name="test" time="22.56" classname="tests.ClientArea_6"/>
  <testcase name="test" time="11.333" classname="tests.RefreshSupportPin_7"/>
  <testcase name="test" time="35.32" classname="tests.Filters_8"/>
</testsuite> <!-- Test -->
