<?xml version="1.0" encoding="UTF-8"?>
<testng-results skipped="0" failed="0" total="1" passed="1">
  <reporter-output>
  </reporter-output>
  <suite name="Default suite" duration-ms="20301" started-at="2019-04-03T19:47:06Z" finished-at="2019-04-03T19:47:27Z">
    <groups>
    </groups>
    <test name="Default test" duration-ms="20301" started-at="2019-04-03T19:47:06Z" finished-at="2019-04-03T19:47:27Z">
      <class name="tests.Filters_8">
        <test-method status="PASS" signature="setUp()[pri:0, instance:tests.Filters_8@64c64813]" name="setUp" is-config="true" duration-ms="6334" started-at="2019-04-03T22:47:06Z" finished-at="2019-04-03T22:47:13Z">
          <reporter-output>
          </reporter-output>
        </test-method> <!-- setUp -->
        <test-method status="PASS" signature="test()[pri:0, instance:tests.Filters_8@64c64813]" name="test" duration-ms="13158" started-at="2019-04-03T22:47:13Z" finished-at="2019-04-03T22:47:26Z">
          <reporter-output>
          </reporter-output>
        </test-method> <!-- test -->
        <test-method status="PASS" signature="tearDown()[pri:0, instance:tests.Filters_8@64c64813]" name="tearDown" is-config="true" duration-ms="792" started-at="2019-04-03T22:47:26Z" finished-at="2019-04-03T22:47:27Z">
          <reporter-output>
          </reporter-output>
        </test-method> <!-- tearDown -->
      </class> <!-- tests.Filters_8 -->
    </test> <!-- Default test -->
  </suite> <!-- Default suite -->
</testng-results>
